<?xml version="1.0" encoding="UTF-8"?>
<!-- Generated by org.testng.reporters.JUnitReportReporter -->
<testsuite hostname="DESKTOP-3O53760" failures="0" tests="1" name="com.tutorialsninja.qa.testcases.Login" time="25.727" errors="0" timestamp="2023-06-09T17:48:54 IST" skipped="0">
  <testcase classname="com.tutorialsninja.qa.testcases.Login" name="verifyLogin" time="25.727"/>
  <system-out/>
</testsuite> <!-- com.tutorialsninja.qa.testcases.Login -->
