<?xml version="1.0" encoding="UTF-8"?>
<!-- Generated by org.testng.reporters.JUnitReportReporter -->
<testsuite hostname="Sentinel" failures="0" tests="1" name="com.tutorialsninja.qa.testcases.Login" time="6.966" errors="0" timestamp="2023-06-12T18:15:57 IST" skipped="0">
  <testcase classname="com.tutorialsninja.qa.testcases.Login" name="verifyLogin" time="6.966"/>
  <system-out/>
</testsuite> <!-- com.tutorialsninja.qa.testcases.Login -->
